<?xml version="1.0" encoding="UTF-8"?>
<!-- Generated by org.testng.reporters.JUnitReportReporter -->
<testsuite hostname="LAPTOP-SDOF6S7J" failures="0" tests="4" name="AmazonTestNGpackage.AmazonTestNgClass" time="84.775" errors="0" timestamp="2022-05-31T02:59:21 IST" skipped="0">
  <testcase classname="AmazonTestNGpackage.AmazonTestNgClass" name="VerifyGiftcardTab" time="22.870"/>
  <system-out/>
  <testcase classname="AmazonTestNGpackage.AmazonTestNgClass" name="VerifyGiftcardTab" time="22.874"/>
  <system-out/>
  <testcase classname="AmazonTestNGpackage.AmazonTestNgClass" name="VerifyAmazonPayTab" time="20.783"/>
  <system-out/>
  <testcase classname="AmazonTestNGpackage.AmazonTestNgClass" name="VerifyAmazonPayTab" time="18.248"/>
  <system-out/>
</testsuite> <!-- AmazonTestNGpackage.AmazonTestNgClass -->
