<?xml version="1.0" encoding="UTF-8"?>
<!-- Generated by org.testng.reporters.JUnitReportReporter -->
<testsuite hostname="LAPTOP-SDOF6S7J" failures="0" tests="4" name="AmazonTestNGpackage.AmazonTestNgclasses2" time="0.018" errors="0" timestamp="2022-05-31T02:59:21 IST" skipped="0">
  <testcase classname="AmazonTestNGpackage.AmazonTestNgclasses2" name="testB" time="0.003"/>
  <system-out/>
  <testcase classname="AmazonTestNGpackage.AmazonTestNgclasses2" name="testB" time="0.000"/>
  <system-out/>
  <testcase classname="AmazonTestNGpackage.AmazonTestNgclasses2" name="testA" time="0.006"/>
  <system-out/>
  <testcase classname="AmazonTestNGpackage.AmazonTestNgclasses2" name="testA" time="0.009"/>
  <system-out/>
</testsuite> <!-- AmazonTestNGpackage.AmazonTestNgclasses2 -->
